<?xml version="1.0" encoding="UTF-8" ?>
<testsuite tests="8" failures="0" name="com.axway.CertHelperTest" time="0.67" errors="0" skipped="0">
  <properties>
    <property name="java.runtime.name" value="OpenJDK Runtime Environment"/>
    <property name="sun.boot.library.path" value="/opt/hostedtoolcache/Java_Zulu_jdk/8.0.312-7/x64/jre/lib/amd64"/>
    <property name="java.vm.version" value="25.312-b07"/>
    <property name="jdk.vendor.version" value="Zulu 8.58.0.13-CA-linux64"/>
    <property name="java.vm.vendor" value="Azul Systems, Inc."/>
    <property name="maven.multiModuleProjectDirectory" value="/home/runner/work/apim-password-cert-env/apim-password-cert-env"/>
    <property name="java.vendor.url" value="http://www.azul.com/"/>
    <property name="path.separator" value=":"/>
    <property name="guice.disable.misplaced.annotation.check" value="true"/>
    <property name="java.vm.name" value="OpenJDK 64-Bit Server VM"/>
    <property name="file.encoding.pkg" value="sun.io"/>
    <property name="sun.java.launcher" value="SUN_STANDARD"/>
    <property name="sun.os.patch.level" value="unknown"/>
    <property name="java.vm.specification.name" value="Java Virtual Machine Specification"/>
    <property name="user.dir" value="/home/runner/work/apim-password-cert-env/apim-password-cert-env"/>
    <property name="java.runtime.version" value="1.8.0_312-b07"/>
    <property name="java.awt.graphicsenv" value="sun.awt.X11GraphicsEnvironment"/>
    <property name="java.endorsed.dirs" value="/opt/hostedtoolcache/Java_Zulu_jdk/8.0.312-7/x64/jre/lib/endorsed"/>
    <property name="os.arch" value="amd64"/>
    <property name="java.io.tmpdir" value="/tmp"/>
    <property name="line.separator" value="
"/>
    <property name="java.vm.specification.vendor" value="Oracle Corporation"/>
    <property name="os.name" value="Linux"/>
    <property name="classworlds.conf" value="/usr/share/apache-maven-3.8.4/bin/m2.conf"/>
    <property name="sun.jnu.encoding" value="UTF-8"/>
    <property name="java.library.path" value="/usr/java/packages/lib/amd64:/usr/lib64:/lib64:/lib:/usr/lib"/>
    <property name="maven.conf" value="/usr/share/apache-maven-3.8.4/conf"/>
    <property name="java.specification.name" value="Java Platform API Specification"/>
    <property name="java.class.version" value="52.0"/>
    <property name="sun.management.compiler" value="HotSpot 64-Bit Tiered Compilers"/>
    <property name="os.version" value="5.11.0-1022-azure"/>
    <property name="library.jansi.path" value="/usr/share/apache-maven-3.8.4/lib/jansi-native"/>
    <property name="user.home" value="/home/runner"/>
    <property name="user.timezone" value="Etc/UTC"/>
    <property name="java.awt.printerjob" value="sun.print.PSPrinterJob"/>
    <property name="java.specification.version" value="1.8"/>
    <property name="file.encoding" value="UTF-8"/>
    <property name="user.name" value="runner"/>
    <property name="java.class.path" value="/usr/share/apache-maven-3.8.4/boot/plexus-classworlds-2.6.0.jar"/>
    <property name="java.vm.specification.version" value="1.8"/>
    <property name="sun.arch.data.model" value="64"/>
    <property name="java.home" value="/opt/hostedtoolcache/Java_Zulu_jdk/8.0.312-7/x64/jre"/>
    <property name="sun.java.command" value="org.codehaus.plexus.classworlds.launcher.Launcher verify"/>
    <property name="java.specification.vendor" value="Oracle Corporation"/>
    <property name="user.language" value="en"/>
    <property name="awt.toolkit" value="sun.awt.X11.XToolkit"/>
    <property name="java.vm.info" value="mixed mode"/>
    <property name="java.version" value="1.8.0_312"/>
    <property name="java.ext.dirs" value="/opt/hostedtoolcache/Java_Zulu_jdk/8.0.312-7/x64/jre/lib/ext:/usr/java/packages/lib/ext"/>
    <property name="sun.boot.class.path" value="/opt/hostedtoolcache/Java_Zulu_jdk/8.0.312-7/x64/jre/lib/resources.jar:/opt/hostedtoolcache/Java_Zulu_jdk/8.0.312-7/x64/jre/lib/rt.jar:/opt/hostedtoolcache/Java_Zulu_jdk/8.0.312-7/x64/jre/lib/sunrsasign.jar:/opt/hostedtoolcache/Java_Zulu_jdk/8.0.312-7/x64/jre/lib/jsse.jar:/opt/hostedtoolcache/Java_Zulu_jdk/8.0.312-7/x64/jre/lib/jce.jar:/opt/hostedtoolcache/Java_Zulu_jdk/8.0.312-7/x64/jre/lib/charsets.jar:/opt/hostedtoolcache/Java_Zulu_jdk/8.0.312-7/x64/jre/lib/jfr.jar:/opt/hostedtoolcache/Java_Zulu_jdk/8.0.312-7/x64/jre/classes"/>
    <property name="java.vendor" value="Azul Systems, Inc."/>
    <property name="maven.home" value="/usr/share/apache-maven-3.8.4"/>
    <property name="file.separator" value="/"/>
    <property name="java.vendor.url.bug" value="http://www.azul.com/support/"/>
    <property name="sun.cpu.endian" value="little"/>
    <property name="sun.io.unicode.encoding" value="UnicodeLittle"/>
    <property name="sun.cpu.isalist" value=""/>
  </properties>
  <testcase classname="com.axway.CertHelperTest" name="testKeyAndCert" time="0.355"/>
  <testcase classname="com.axway.CertHelperTest" name="testX509" time="0.001"/>
  <testcase classname="com.axway.CertHelperTest" name="testCertChain" time="0.008"/>
  <testcase classname="com.axway.CertHelperTest" name="testP12Content" time="0.223"/>
  <testcase classname="com.axway.CertHelperTest" name="testValidCertificateFormat" time="0.017"/>
  <testcase classname="com.axway.CertHelperTest" name="testPrivatelyPublicAndCACert" time="0.015"/>
  <testcase classname="com.axway.CertHelperTest" name="testInvalidCertificateFormat" time="0.028"/>
  <testcase classname="com.axway.CertHelperTest" name="testP12File" time="0.023"/>
</testsuite>